%このファイルは日本語文字を含みます.
\BOOKMARK [0][-]{chapter.1}{序論}{}% 1
\BOOKMARK [0][-]{chapter.2}{本研究のアプローチ}{}% 2
\BOOKMARK [1][-]{section.2.1}{説明性向上手法}{chapter.2}% 3
\BOOKMARK [1][-]{section.2.2}{関連研究}{chapter.2}% 4
\BOOKMARK [0][-]{chapter.3}{ユーザの既訪問スポットの位置付けに基づく検索結果スポットの説明手法}{}% 5
\BOOKMARK [1][-]{section.3.1}{概要}{chapter.3}% 6
\BOOKMARK [1][-]{section.3.2}{検索結果スポットと既訪問スポットの対応付け}{chapter.3}% 7
\BOOKMARK [1][-]{section.3.3}{対応関係を表す特徴語抽出の評価}{chapter.3}% 8
\BOOKMARK [1][-]{section.3.4}{観光スポットの対応付けに関する評価}{chapter.3}% 9
\BOOKMARK [1][-]{section.3.5}{検索結果スポット説明の有効性評価}{chapter.3}% 10
\BOOKMARK [1][-]{section.3.6}{まとめ}{chapter.3}% 11
\BOOKMARK [0][-]{chapter.4}{地図上における検索結果スポットの説明性向上のための観光スポットの対応関係可視化手法}{}% 12
\BOOKMARK [1][-]{section.4.1}{概要}{chapter.4}% 13
\BOOKMARK [1][-]{section.4.2}{観光スポット間の対応関係を用いた可視化}{chapter.4}% 14
\BOOKMARK [1][-]{section.4.3}{対応関係の可視化評価}{chapter.4}% 15
\BOOKMARK [1][-]{section.4.4}{まとめ}{chapter.4}% 16
\BOOKMARK [0][-]{chapter.5}{結論}{}% 17
\BOOKMARK [0][-]{chapter*.5}{謝辞}{}% 18
\BOOKMARK [0][-]{chapter*.6}{本研究に関する発表}{}% 19
\BOOKMARK [0][-]{chapter*.10}{その他の発表実績}{}% 20
\BOOKMARK [0][-]{chapter*.12}{受賞}{}% 21
